{
  "RSpec": {
    "coverage": {
      "/Users/zoehopkins/Documents/Projects/bookmark-manager/spec/features/creating_links_spec.rb": [
        1,
        null,
        1,
        1,
        1,
        1,
        1,
        null,
        null,
        1,
        null,
        1,
        1,
        null,
        null,
        null
      ],
      "/Users/zoehopkins/Documents/Projects/bookmark-manager/spec/features/viewing_links_spec.rb": [
        1,
        null,
        1,
        1,
        null,
        1,
        null,
        1,
        null,
        1,
        1,
        null,
        null,
        null
      ]
    },
    "timestamp": 1505831268
  }
}
