{
  "RSpec": {
    "coverage": {
      "/Users/zoehopkins/Documents/Projects/bookmark-manager/spec/features/adding_tags_spec.rb": [
        1,
        null,
        1,
        1,
        1,
        1,
        1,
        null,
        1,
        1,
        1,
        null,
        null,
        1,
        1,
        1,
        1,
        null,
        1,
        1,
        1,
        1,
        null,
        null,
        null
      ],
      "/Users/zoehopkins/Documents/Projects/bookmark-manager/spec/features/creating_links_spec.rb": [
        1,
        null,
        1,
        1,
        1,
        1,
        1,
        null,
        null,
        1,
        null,
        1,
        1,
        null,
        null,
        null
      ],
      "/Users/zoehopkins/Documents/Projects/bookmark-manager/spec/features/user_management_spec.rb": [
        1,
        null,
        1,
        1,
        2,
        1,
        1,
        null,
        null,
        1,
        null,
        null,
        null,
        2,
        1,
        1,
        null,
        null
      ],
      "/Users/zoehopkins/Documents/Projects/bookmark-manager/spec/features/web_helper.rb": [
        1,
        null,
        null,
        2,
        2,
        2,
        2,
        2,
        2,
        null
      ],
      "/Users/zoehopkins/Documents/Projects/bookmark-manager/spec/features/viewing_links_spec.rb": [
        1,
        null,
        1,
        2,
        2,
        2,
        2,
        null,
        null,
        1,
        1,
        null,
        1,
        null,
        1,
        1,
        1,
        1,
        1,
        null,
        null,
        null,
        1,
        1,
        null,
        1,
        null,
        1,
        1,
        1,
        1,
        1,
        null,
        null,
        null
      ]
    },
    "timestamp": 1506084006
  }
}
